2026-01-13 19:12:35 INFO  [main] m.p.e.p.c.CurrencyMonitorApplication - Starting CurrencyMonitorApplication using Java 17.0.16 with PID 4216 (D:\currency-monitor\currency-monitor\currency-monitor-app\target\classes started by macie in D:\currency-monitor\currency-monitor)
2026-01-13 19:12:35 INFO  [main] m.p.e.p.c.CurrencyMonitorApplication - No active profile set, falling back to 1 default profile: "default"
2026-01-13 19:12:36 INFO  [main] o.s.d.r.c.RepositoryConfigurationDelegate - Bootstrapping Spring Data JPA repositories in DEFAULT mode.
2026-01-13 19:12:36 INFO  [main] o.s.d.r.c.RepositoryConfigurationDelegate - Finished Spring Data repository scanning in 30 ms. Found 6 JPA repository interfaces.
2026-01-13 19:12:36 INFO  [main] o.s.b.w.e.tomcat.TomcatWebServer - Tomcat initialized with port 8080 (http)
2026-01-13 19:12:36 INFO  [main] o.a.coyote.http11.Http11NioProtocol - Initializing ProtocolHandler ["http-nio-8080"]
2026-01-13 19:12:36 INFO  [main] o.a.catalina.core.StandardService - Starting service [Tomcat]
2026-01-13 19:12:36 INFO  [main] o.a.catalina.core.StandardEngine - Starting Servlet engine: [Apache Tomcat/10.1.17]
2026-01-13 19:12:36 INFO  [main] o.a.c.c.C.[Tomcat].[localhost].[/] - Initializing Spring embedded WebApplicationContext
2026-01-13 19:12:36 INFO  [main] o.s.b.w.s.c.ServletWebServerApplicationContext - Root WebApplicationContext: initialization completed in 761 ms
2026-01-13 19:12:36 INFO  [main] o.h.jpa.internal.util.LogHelper - HHH000204: Processing PersistenceUnitInfo [name: default]
2026-01-13 19:12:36 INFO  [main] org.hibernate.Version - HHH000412: Hibernate ORM core version 6.4.1.Final
2026-01-13 19:12:36 INFO  [main] o.h.c.i.RegionFactoryInitiator - HHH000026: Second-level cache disabled
2026-01-13 19:12:36 INFO  [main] o.s.o.j.p.SpringPersistenceUnitInfo - No LoadTimeWeaver setup: ignoring JPA class transformer
2026-01-13 19:12:36 INFO  [main] com.zaxxer.hikari.HikariDataSource - HikariPool-1 - Starting...
2026-01-13 19:12:36 INFO  [main] com.zaxxer.hikari.pool.HikariPool - HikariPool-1 - Added connection org.postgresql.jdbc.PgConnection@1846ad0f
2026-01-13 19:12:36 INFO  [main] com.zaxxer.hikari.HikariDataSource - HikariPool-1 - Start completed.
2026-01-13 19:12:36 WARN  [main] org.hibernate.orm.deprecation - HHH90000025: PostgreSQLDialect does not need to be specified explicitly using 'hibernate.dialect' (remove the property setting and it will be selected by default)
2026-01-13 19:12:37 INFO  [main] o.h.e.t.j.p.i.JtaPlatformInitiator - HHH000489: No JTA platform available (set 'hibernate.transaction.jta.platform' to enable JTA platform integration)
2026-01-13 19:12:37 INFO  [main] o.s.o.j.LocalContainerEntityManagerFactoryBean - Initialized JPA EntityManagerFactory for persistence unit 'default'
2026-01-13 19:12:38 INFO  [main] o.a.coyote.http11.Http11NioProtocol - Starting ProtocolHandler ["http-nio-8080"]
2026-01-13 19:12:38 INFO  [main] o.s.b.w.e.tomcat.TomcatWebServer - Tomcat started on port 8080 (http) with context path ''
2026-01-13 19:12:38 INFO  [main] m.p.e.p.c.CurrencyMonitorApplication - Started CurrencyMonitorApplication in 2.608 seconds (process running for 2.899)
2026-01-13 19:12:41 INFO  [http-nio-8080-exec-1] o.a.c.c.C.[Tomcat].[localhost].[/] - Initializing Spring DispatcherServlet 'dispatcherServlet'
2026-01-13 19:12:41 INFO  [http-nio-8080-exec-1] o.s.web.servlet.DispatcherServlet - Initializing Servlet 'dispatcherServlet'
2026-01-13 19:12:41 INFO  [http-nio-8080-exec-1] o.s.web.servlet.DispatcherServlet - Completed initialization in 0 ms
2026-01-13 19:13:10 INFO  [http-nio-8080-exec-7] m.p.e.p.c.c.ExchangeRateService - Fetching exchange rates for currency code=USD
2026-01-13 19:13:10 INFO  [http-nio-8080-exec-7] m.p.e.p.c.c.ExchangeRateService - Found 5 exchange rates for currency code=USD
2026-01-13 19:13:34 INFO  [http-nio-8080-exec-8] o.s.api.AbstractOpenApiResource - Init duration for springdoc-openapi is: 77 ms
2026-01-13 19:19:45 INFO  [SpringApplicationShutdownHook] o.s.o.j.LocalContainerEntityManagerFactoryBean - Closing JPA EntityManagerFactory for persistence unit 'default'
2026-01-13 19:19:45 INFO  [SpringApplicationShutdownHook] com.zaxxer.hikari.HikariDataSource - HikariPool-1 - Shutdown initiated...
2026-01-13 19:19:45 INFO  [SpringApplicationShutdownHook] com.zaxxer.hikari.HikariDataSource - HikariPool-1 - Shutdown completed.
2026-01-13 19:22:04 INFO  [main] m.p.e.p.c.CurrencyMonitorApplication - Starting CurrencyMonitorApplication using Java 17.0.16 with PID 18068 (D:\currency-monitor\currency-monitor\currency-monitor-app\target\classes started by macie in D:\currency-monitor\currency-monitor)
2026-01-13 19:22:04 INFO  [main] m.p.e.p.c.CurrencyMonitorApplication - No active profile set, falling back to 1 default profile: "default"
2026-01-13 19:22:04 INFO  [main] o.s.d.r.c.RepositoryConfigurationDelegate - Bootstrapping Spring Data JPA repositories in DEFAULT mode.
2026-01-13 19:22:04 INFO  [main] o.s.d.r.c.RepositoryConfigurationDelegate - Finished Spring Data repository scanning in 32 ms. Found 6 JPA repository interfaces.
2026-01-13 19:22:05 INFO  [main] o.s.b.w.e.tomcat.TomcatWebServer - Tomcat initialized with port 8080 (http)
2026-01-13 19:22:05 INFO  [main] o.a.coyote.http11.Http11NioProtocol - Initializing ProtocolHandler ["http-nio-8080"]
2026-01-13 19:22:05 INFO  [main] o.a.catalina.core.StandardService - Starting service [Tomcat]
2026-01-13 19:22:05 INFO  [main] o.a.catalina.core.StandardEngine - Starting Servlet engine: [Apache Tomcat/10.1.17]
2026-01-13 19:22:05 INFO  [main] o.a.c.c.C.[Tomcat].[localhost].[/] - Initializing Spring embedded WebApplicationContext
2026-01-13 19:22:05 INFO  [main] o.s.b.w.s.c.ServletWebServerApplicationContext - Root WebApplicationContext: initialization completed in 740 ms
2026-01-13 19:22:05 INFO  [main] o.h.jpa.internal.util.LogHelper - HHH000204: Processing PersistenceUnitInfo [name: default]
2026-01-13 19:22:05 INFO  [main] org.hibernate.Version - HHH000412: Hibernate ORM core version 6.4.1.Final
2026-01-13 19:22:05 INFO  [main] o.h.c.i.RegionFactoryInitiator - HHH000026: Second-level cache disabled
2026-01-13 19:22:05 INFO  [main] o.s.o.j.p.SpringPersistenceUnitInfo - No LoadTimeWeaver setup: ignoring JPA class transformer
2026-01-13 19:22:05 INFO  [main] com.zaxxer.hikari.HikariDataSource - HikariPool-1 - Starting...
2026-01-13 19:22:05 INFO  [main] com.zaxxer.hikari.pool.HikariPool - HikariPool-1 - Added connection org.postgresql.jdbc.PgConnection@483b7dc4
2026-01-13 19:22:05 INFO  [main] com.zaxxer.hikari.HikariDataSource - HikariPool-1 - Start completed.
2026-01-13 19:22:05 WARN  [main] org.hibernate.orm.deprecation - HHH90000025: PostgreSQLDialect does not need to be specified explicitly using 'hibernate.dialect' (remove the property setting and it will be selected by default)
2026-01-13 19:22:06 INFO  [main] o.h.e.t.j.p.i.JtaPlatformInitiator - HHH000489: No JTA platform available (set 'hibernate.transaction.jta.platform' to enable JTA platform integration)
2026-01-13 19:22:06 INFO  [main] o.s.o.j.LocalContainerEntityManagerFactoryBean - Initialized JPA EntityManagerFactory for persistence unit 'default'
2026-01-13 19:22:06 INFO  [main] o.a.coyote.http11.Http11NioProtocol - Starting ProtocolHandler ["http-nio-8080"]
2026-01-13 19:22:06 INFO  [main] o.s.b.w.e.tomcat.TomcatWebServer - Tomcat started on port 8080 (http) with context path ''
2026-01-13 19:22:06 INFO  [main] m.p.e.p.c.CurrencyMonitorApplication - Started CurrencyMonitorApplication in 2.64 seconds (process running for 2.918)
2026-01-13 19:22:20 INFO  [http-nio-8080-exec-1] o.a.c.c.C.[Tomcat].[localhost].[/] - Initializing Spring DispatcherServlet 'dispatcherServlet'
2026-01-13 19:22:20 INFO  [http-nio-8080-exec-1] o.s.web.servlet.DispatcherServlet - Initializing Servlet 'dispatcherServlet'
2026-01-13 19:22:20 INFO  [http-nio-8080-exec-1] o.s.web.servlet.DispatcherServlet - Completed initialization in 1 ms
2026-01-13 19:22:20 INFO  [http-nio-8080-exec-1] m.p.e.p.c.a.logging.ApiLoggingFilter - ➡️ API REQUEST: GET /api/rates/EUR
2026-01-13 19:22:20 INFO  [http-nio-8080-exec-1] m.p.e.p.c.c.ExchangeRateService - Fetching exchange rates for currency code=EUR
2026-01-13 19:22:20 INFO  [http-nio-8080-exec-1] m.p.e.p.c.c.ExchangeRateService - Found 4 exchange rates for currency code=EUR
2026-01-13 19:22:20 INFO  [http-nio-8080-exec-1] m.p.e.p.c.a.logging.ApiLoggingFilter - ⬅️ API RESPONSE: GET /api/rates/EUR -> 200 (58 ms)
2026-01-13 19:22:20 INFO  [http-nio-8080-exec-2] m.p.e.p.c.a.logging.ApiLoggingFilter - ➡️ API REQUEST: GET /favicon.ico
2026-01-13 19:22:20 INFO  [http-nio-8080-exec-2] m.p.e.p.c.a.logging.ApiLoggingFilter - ⬅️ API RESPONSE: GET /favicon.ico -> 500 (13 ms)
2026-01-13 19:29:25 INFO  [http-nio-8080-exec-4] m.p.e.p.c.a.logging.ApiLoggingFilter - ➡️ API REQUEST: GET /swagger-ui/favicon-32x32.png
2026-01-13 19:29:25 INFO  [http-nio-8080-exec-4] m.p.e.p.c.a.logging.ApiLoggingFilter - ⬅️ API RESPONSE: GET /swagger-ui/favicon-32x32.png -> 304 (10 ms)
2026-01-13 19:35:02 INFO  [SpringApplicationShutdownHook] o.s.o.j.LocalContainerEntityManagerFactoryBean - Closing JPA EntityManagerFactory for persistence unit 'default'
2026-01-13 19:35:02 INFO  [SpringApplicationShutdownHook] com.zaxxer.hikari.HikariDataSource - HikariPool-1 - Shutdown initiated...
2026-01-13 19:35:02 INFO  [SpringApplicationShutdownHook] com.zaxxer.hikari.HikariDataSource - HikariPool-1 - Shutdown completed.
