2026-01-19 01:16:13 INFO  [main] m.p.e.p.c.CurrencyMonitorApplication - Starting CurrencyMonitorApplication using Java 17.0.16 with PID 52812 (D:\currency-monitor\currency-monitor\currency-monitor-app\target\classes started by macie in D:\currency-monitor\currency-monitor)
2026-01-19 01:16:13 INFO  [main] m.p.e.p.c.CurrencyMonitorApplication - No active profile set, falling back to 1 default profile: "default"
2026-01-19 01:16:14 INFO  [main] o.s.d.r.c.RepositoryConfigurationDelegate - Bootstrapping Spring Data JPA repositories in DEFAULT mode.
2026-01-19 01:16:14 INFO  [main] o.s.d.r.c.RepositoryConfigurationDelegate - Finished Spring Data repository scanning in 36 ms. Found 6 JPA repository interfaces.
2026-01-19 01:16:14 INFO  [main] o.s.b.w.e.tomcat.TomcatWebServer - Tomcat initialized with port 8080 (http)
2026-01-19 01:16:14 INFO  [main] o.a.coyote.http11.Http11NioProtocol - Initializing ProtocolHandler ["http-nio-8080"]
2026-01-19 01:16:14 INFO  [main] o.a.catalina.core.StandardService - Starting service [Tomcat]
2026-01-19 01:16:14 INFO  [main] o.a.catalina.core.StandardEngine - Starting Servlet engine: [Apache Tomcat/10.1.17]
2026-01-19 01:16:14 INFO  [main] o.a.c.c.C.[Tomcat].[localhost].[/] - Initializing Spring embedded WebApplicationContext
2026-01-19 01:16:14 INFO  [main] o.s.b.w.s.c.ServletWebServerApplicationContext - Root WebApplicationContext: initialization completed in 938 ms
2026-01-19 01:16:14 INFO  [main] o.h.jpa.internal.util.LogHelper - HHH000204: Processing PersistenceUnitInfo [name: default]
2026-01-19 01:16:14 INFO  [main] org.hibernate.Version - HHH000412: Hibernate ORM core version 6.4.1.Final
2026-01-19 01:16:14 INFO  [main] o.h.c.i.RegionFactoryInitiator - HHH000026: Second-level cache disabled
2026-01-19 01:16:15 INFO  [main] o.s.o.j.p.SpringPersistenceUnitInfo - No LoadTimeWeaver setup: ignoring JPA class transformer
2026-01-19 01:16:15 INFO  [main] com.zaxxer.hikari.HikariDataSource - HikariPool-1 - Starting...
2026-01-19 01:16:15 INFO  [main] com.zaxxer.hikari.pool.HikariPool - HikariPool-1 - Added connection org.postgresql.jdbc.PgConnection@41167ded
2026-01-19 01:16:15 INFO  [main] com.zaxxer.hikari.HikariDataSource - HikariPool-1 - Start completed.
2026-01-19 01:16:15 WARN  [main] org.hibernate.orm.deprecation - HHH90000025: PostgreSQLDialect does not need to be specified explicitly using 'hibernate.dialect' (remove the property setting and it will be selected by default)
2026-01-19 01:16:15 INFO  [main] o.h.e.t.j.p.i.JtaPlatformInitiator - HHH000489: No JTA platform available (set 'hibernate.transaction.jta.platform' to enable JTA platform integration)
2026-01-19 01:16:16 INFO  [main] o.s.o.j.LocalContainerEntityManagerFactoryBean - Initialized JPA EntityManagerFactory for persistence unit 'default'
2026-01-19 01:16:16 INFO  [main] o.a.coyote.http11.Http11NioProtocol - Starting ProtocolHandler ["http-nio-8080"]
2026-01-19 01:16:16 INFO  [main] o.s.b.w.e.tomcat.TomcatWebServer - Tomcat started on port 8080 (http) with context path ''
2026-01-19 01:16:16 INFO  [main] m.p.e.p.c.CurrencyMonitorApplication - Started CurrencyMonitorApplication in 3.367 seconds (process running for 7.316)
2026-01-19 01:16:16 INFO  [http-nio-8080-exec-1] o.a.c.c.C.[Tomcat].[localhost].[/] - Initializing Spring DispatcherServlet 'dispatcherServlet'
2026-01-19 01:16:16 INFO  [http-nio-8080-exec-1] o.s.web.servlet.DispatcherServlet - Initializing Servlet 'dispatcherServlet'
2026-01-19 01:16:16 INFO  [http-nio-8080-exec-1] o.s.web.servlet.DispatcherServlet - Completed initialization in 2 ms
2026-01-19 01:16:17 INFO  [http-nio-8080-exec-1] m.p.e.p.c.a.logging.ApiLoggingFilter - ➡️ API REQUEST: GET /api/rates/USD
2026-01-19 01:16:17 INFO  [http-nio-8080-exec-1] m.p.e.p.c.s.ExchangeRateService - Fetching exchange rates for currency code=USD
2026-01-19 01:16:17 INFO  [http-nio-8080-exec-1] m.p.e.p.c.s.ExchangeRateService - Found 6 exchange rates for currency code=USD
2026-01-19 01:16:17 INFO  [http-nio-8080-exec-1] m.p.e.p.c.a.logging.ApiLoggingFilter - ⬅️ API RESPONSE: GET /api/rates/USD -> 200 (154 ms)
2026-01-19 01:16:17 INFO  [http-nio-8080-exec-2] m.p.e.p.c.a.logging.ApiLoggingFilter - ➡️ API REQUEST: GET /favicon.ico
2026-01-19 01:16:17 INFO  [http-nio-8080-exec-2] m.p.e.p.c.a.logging.ApiLoggingFilter - ⬅️ API RESPONSE: GET /favicon.ico -> 500 (16 ms)
2026-01-19 01:16:18 INFO  [http-nio-8080-exec-3] m.p.e.p.c.a.logging.ApiLoggingFilter - ➡️ API REQUEST: GET /api/rates/USD
2026-01-19 01:16:18 INFO  [http-nio-8080-exec-3] m.p.e.p.c.s.ExchangeRateService - Fetching exchange rates for currency code=USD
2026-01-19 01:16:18 INFO  [http-nio-8080-exec-3] m.p.e.p.c.s.ExchangeRateService - Found 6 exchange rates for currency code=USD
2026-01-19 01:16:18 INFO  [http-nio-8080-exec-3] m.p.e.p.c.a.logging.ApiLoggingFilter - ⬅️ API RESPONSE: GET /api/rates/USD -> 200 (7 ms)
2026-01-19 01:16:18 INFO  [http-nio-8080-exec-4] m.p.e.p.c.a.logging.ApiLoggingFilter - ➡️ API REQUEST: GET /favicon.ico
2026-01-19 01:16:18 INFO  [http-nio-8080-exec-4] m.p.e.p.c.a.logging.ApiLoggingFilter - ⬅️ API RESPONSE: GET /favicon.ico -> 500 (1 ms)
2026-01-19 01:16:31 INFO  [http-nio-8080-exec-5] m.p.e.p.c.a.logging.ApiLoggingFilter - ➡️ API REQUEST: GET /api/currencies
2026-01-19 01:16:31 INFO  [http-nio-8080-exec-5] m.p.e.p.c.a.logging.ApiLoggingFilter - ⬅️ API RESPONSE: GET /api/currencies -> 200 (11 ms)
2026-01-19 01:16:31 INFO  [http-nio-8080-exec-6] m.p.e.p.c.a.logging.ApiLoggingFilter - ➡️ API REQUEST: GET /favicon.ico
2026-01-19 01:16:31 INFO  [http-nio-8080-exec-6] m.p.e.p.c.a.logging.ApiLoggingFilter - ⬅️ API RESPONSE: GET /favicon.ico -> 500 (3 ms)
